Arguments: 
  C:\Program Files\nodejs\node.exe C:\Users\MSI\AppData\Roaming\npm\node_modules\yarn\bin\yarn.js add bootstrap@5.3.3

PATH: 
  C:\Program Files\Java\jdk-11\bin;\bin;C:\Python310\Scripts\;C:\Python310\;C:\Windows\system32;C:\Windows;C:\Windows\System32\Wbem;C:\Windows\System32\WindowsPowerShell\v1.0\;C:\Windows\System32\OpenSSH\;C:\Games\Call of Duty - Black Ops 3;C:\ProgramData\chocolatey\bin;C:\Program Files\Microsoft SQL Server\150\Tools\Binn\;C:\Program Files\Microsoft SQL Server\Client SDK\ODBC\170\Tools\Binn\;C:\Program Files\dotnet\;C:\Program Files\MongoDB\Server\6.0\bin;C:\Program Files\NVIDIA Corporation\NVIDIA NvDLISR;C:\Program Files (x86)\NVIDIA Corporation\PhysX\Common;C:\Users\MSI\AppData\Roaming\npm;C:\WINDOWS\system32;C:\WINDOWS;C:\WINDOWS\System32\Wbem;C:\WINDOWS\System32\WindowsPowerShell\v1.0\;C:\WINDOWS\System32\OpenSSH\;C:\Program Files\nodejs\;C:\Program Files\Git\cmd;C:\Program Files\MySQL\MySQL Server 8.0\bin;C:\Program Files\MySQL\MySQL Shell 8.0\bin\;C:\Users\MSI\AppData\Local\Microsoft\WindowsApps;C:\Games\Call of Duty - Black Ops 3;C:\Users\MSI\.dotnet\tools;C:\Users\MSI\AppData\Roaming\npm;C:\Users\MSI\AppData\Local\GitHubDesktop\bin;C:\Program Files\JetBrains\IntelliJ IDEA Community Edition 2023.2.3\bin;;C:\Program Files\Java\jdk-11\bin;C:\Users\MSI\AppData\Local\Android\Sdk;

Yarn version: 
  1.22.19

Node version: 
  18.17.1

Platform: 
  win32 x64

Trace: 
  Error: EPERM: operation not permitted, unlink 'C:\Users\MSI\Documents\Waverista\Projects\RDA_SOUTHERN\frontend\node_modules\@esbuild\win32-x64\esbuild.exe'

npm manifest: 
  {
    "name": "frontend",
    "private": true,
    "version": "0.0.0",
    "type": "module",
    "scripts": {
      "dev": "vite",
      "build": "vite build",
      "lint": "eslint . --ext js,jsx --report-unused-disable-directives --max-warnings 0",
      "preview": "vite preview"
    },
    "dependencies": {
      "react": "^18.3.1",
      "react-dom": "^18.3.1",
      "react-router-dom": "^6.25.1"
    },
    "devDependencies": {
      "@types/react": "^18.3.3",
      "@types/react-dom": "^18.3.0",
      "@vitejs/plugin-react": "^4.3.1",
      "eslint": "^8.57.0",
      "eslint-plugin-react": "^7.34.3",
      "eslint-plugin-react-hooks": "^4.6.2",
      "eslint-plugin-react-refresh": "^0.4.7",
      "vite": "^5.3.4"
    }
  }

yarn manifest: 
  No manifest

Lockfile: 
  No lockfile
